<?xml version="1.0" encoding="UTF-8"?><testsuite errors="1" failures="0" name="co.com.techandsolver.pruebatecnica.features.compras.Compras" skipped="0" tests="2" time="35.3" timestamp="2020-01-16T22:04:55.715323600-05:00[America/Bogota]"><testcase classname="co.com.techandsolver.pruebatecnica.features.compras.Compras" name="Add product and confirm product in carry of buy"><error message="The following error occurred: element not interactable&#10;  (Session info: chrome=79.0.3945.117)&#10;  (Driver info: chromedriver=2.42.591088 (7b2b2dca23cca0862f674758c9a3933e685c27d5),platform=Windows NT 10.0.18363 x86_64) (WARNING: The server did not provide any stacktrace information)&#10;Command duration or timeout: 0 milliseconds&#10;Build info: version: '3.7.1', revision: '8a0099a', time: '2017-11-06T21:01:39.354Z'&#10;System info: host: 'DESKTOP-824M5EK', ip: '192.168.56.1', os.name: 'Windows 10', os.arch: 'amd64', os.version: '10.0', java.version: '12.0.2'&#10;Driver info: org.openqa.selenium.remote.RemoteWebDriver&#10;Capabilities {acceptInsecureCerts: false, acceptSslCerts: false, applicationCacheEnabled: false, browserConnectionEnabled: false, browserName: chrome, chrome: {chromedriverVersion: 2.42.591088 (7b2b2dca23cca0..., userDataDir: C:\Users\Acer\AppData\Local...}, cssSelectorsEnabled: true, databaseEnabled: false, goog:chromeOptions: {debuggerAddress: localhost:38111}, handlesAlerts: true, hasTouchScreen: false, javascriptEnabled: true, locationContextEnabled: true, mobileEmulationEnabled: false, nativeEvents: true, networkConnectionEnabled: false, pageLoadStrategy: normal, platform: XP, platformName: XP, rotatable: false, setWindowRect: true, takesHeapSnapshot: true, takesScreenshot: true, unexpectedAlertBehaviour: , unhandledPromptBehavior: , version: 79.0.3945.117, webStorageEnabled: true}&#10;Session ID: 006e3132b77d2fdc5d2100b4ac5c876d" type="org.openqa.selenium.ElementNotVisibleException">The following error occurred: element not interactable
  (Session info: chrome=79.0.3945.117)
  (Driver info: chromedriver=2.42.591088 (7b2b2dca23cca0862f674758c9a3933e685c27d5),platform=Windows NT 10.0.18363 x86_64) (WARNING: The server did not provide any stacktrace information)
Command duration or timeout: 0 milliseconds
Build info: version: '3.7.1', revision: '8a0099a', time: '2017-11-06T21:01:39.354Z'
System info: host: 'DESKTOP-824M5EK', ip: '192.168.56.1', os.name: 'Windows 10', os.arch: 'amd64', os.version: '10.0', java.version: '12.0.2'
Driver info: org.openqa.selenium.remote.RemoteWebDriver
Capabilities {acceptInsecureCerts: false, acceptSslCerts: false, applicationCacheEnabled: false, browserConnectionEnabled: false, browserName: chrome, chrome: {chromedriverVersion: 2.42.591088 (7b2b2dca23cca0..., userDataDir: C:\Users\Acer\AppData\Local...}, cssSelectorsEnabled: true, databaseEnabled: false, goog:chromeOptions: {debuggerAddress: localhost:38111}, handlesAlerts: true, hasTouchScreen: false, javascriptEnabled: true, locationContextEnabled: true, mobileEmulationEnabled: false, nativeEvents: true, networkConnectionEnabled: false, pageLoadStrategy: normal, platform: XP, platformName: XP, rotatable: false, setWindowRect: true, takesHeapSnapshot: true, takesScreenshot: true, unexpectedAlertBehaviour: , unhandledPromptBehavior: , version: 79.0.3945.117, webStorageEnabled: true}
Session ID: 006e3132b77d2fdc5d2100b4ac5c876d</error><system-err>The following error occurred: element not interactable
  (Session info: chrome=79.0.3945.117)
  (Driver info: chromedriver=2.42.591088 (7b2b2dca23cca0862f674758c9a3933e685c27d5),platform=Windows NT 10.0.18363 x86_64) (WARNING: The server did not provide any stacktrace information)
Command duration or timeout: 0 milliseconds
Build info: version: '3.7.1', revision: '8a0099a', time: '2017-11-06T21:01:39.354Z'
System info: host: 'DESKTOP-824M5EK', ip: '192.168.56.1', os.name: 'Windows 10', os.arch: 'amd64', os.version: '10.0', java.version: '12.0.2'
Driver info: org.openqa.selenium.remote.RemoteWebDriver
Capabilities {acceptInsecureCerts: false, acceptSslCerts: false, applicationCacheEnabled: false, browserConnectionEnabled: false, browserName: chrome, chrome: {chromedriverVersion: 2.42.591088 (7b2b2dca23cca0..., userDataDir: C:\Users\Acer\AppData\Local...}, cssSelectorsEnabled: true, databaseEnabled: false, goog:chromeOptions: {debuggerAddress: localhost:38111}, handlesAlerts: true, hasTouchScreen: false, javascriptEnabled: true, locationContextEnabled: true, mobileEmulationEnabled: false, nativeEvents: true, networkConnectionEnabled: false, pageLoadStrategy: normal, platform: XP, platformName: XP, rotatable: false, setWindowRect: true, takesHeapSnapshot: true, takesScreenshot: true, unexpectedAlertBehaviour: , unhandledPromptBehavior: , version: 79.0.3945.117, webStorageEnabled: true}
Session ID: 006e3132b77d2fdc5d2100b4ac5c876d&#13;
java.base/jdk.internal.reflect.NativeConstructorAccessorImpl.newInstance0(Native Method)&#13;
java.base/jdk.internal.reflect.NativeConstructorAccessorImpl.newInstance(NativeConstructorAccessorImpl.java:62)&#13;
java.base/jdk.internal.reflect.DelegatingConstructorAccessorImpl.newInstance(DelegatingConstructorAccessorImpl.java:45)&#13;
co.com.techandsolver.pruebatecnica.tasks.SearchSeeDetailProduct.performAs(SearchSeeDetailProduct.java:20)&#13;
co.com.techandsolver.pruebatecnica.features.compras.Compras.add_product_and_confirm_product_in_carry_of_buy(Compras.java:53)&#13;
java.base/jdk.internal.reflect.NativeMethodAccessorImpl.invoke0(Native Method)&#13;
java.base/jdk.internal.reflect.NativeMethodAccessorImpl.invoke(NativeMethodAccessorImpl.java:62)&#13;
java.base/jdk.internal.reflect.DelegatingMethodAccessorImpl.invoke(DelegatingMethodAccessorImpl.java:43)&#13;
java.base/jdk.internal.reflect.NativeMethodAccessorImpl.invoke0(Native Method)&#13;
java.base/jdk.internal.reflect.NativeMethodAccessorImpl.invoke(NativeMethodAccessorImpl.java:62)&#13;
java.base/jdk.internal.reflect.DelegatingMethodAccessorImpl.invoke(DelegatingMethodAccessorImpl.java:43)&#13;
java.base/jdk.internal.reflect.NativeMethodAccessorImpl.invoke0(Native Method)&#13;
java.base/jdk.internal.reflect.NativeMethodAccessorImpl.invoke(NativeMethodAccessorImpl.java:62)&#13;
java.base/jdk.internal.reflect.DelegatingMethodAccessorImpl.invoke(DelegatingMethodAccessorImpl.java:43)&#13;
</system-err></testcase><testcase classname="co.com.techandsolver.pruebatecnica.features.compras.Compras" name="Add a  product  and  remove  from  shopping  cart"/></testsuite>